<?xml version="1.0" encoding="UTF-8"?>
<!-- Generated by org.testng.reporters.JUnitXMLReporter -->
<testsuite ignored="2" hostname="LAPTOP-97M9LKK6" failures="0" tests="2" name="Test-Runner2" time="74.784" errors="0" timestamp="2022-03-03T16:20:42 IST">
  <testcase classname="com.crm.ContactsTests.CreateContactOrgWithBaseClassTest" name="createContactOrg" time="30.442"/>
  <testcase classname="com.crm.ContactsTests.CreateContactWithBaseClassTest" name="createContactOrgWithGenericTest" time="10.883"/>
  <testcase classname="com.crm.GenericLibrary.BaseClass" name="@AfterSuite closeDb" time="0.0">
    <ignored/>
  </testcase> <!-- @AfterSuite closeDb -->
  <testcase classname="com.crm.GenericLibrary.BaseClass" name="@BeforeSuite connectDataBase" time="0.0">
    <ignored/>
  </testcase> <!-- @BeforeSuite connectDataBase -->
</testsuite> <!-- Test-Runner2 -->
