<?xml version="1.0" encoding="UTF-8"?>
<!-- Generated by org.testng.reporters.JUnitXMLReporter -->
<testsuite ignored="2" hostname="LAPTOP-97M9LKK6" failures="0" tests="2" name="Test-Runner-Firefox" time="114.813" errors="0" timestamp="2022-03-03T16:18:18 IST">
  <testcase classname="com.crm.OrganizationTests.CreatOrgWithBaseclassTest" name="createOrgWithBaseclass" time="28.906"/>
  <testcase classname="com.crm.OrganizationTests.CreateOrgIndTypeWithBaseclassTest" name="createOrgIndType" time="22.427"/>
  <testcase classname="com.crm.GenericLibrary.BaseClass" name="@AfterSuite closeDb" time="0.0">
    <ignored/>
  </testcase> <!-- @AfterSuite closeDb -->
  <testcase classname="com.crm.GenericLibrary.BaseClass" name="@BeforeSuite connectDataBase" time="0.0">
    <ignored/>
  </testcase> <!-- @BeforeSuite connectDataBase -->
</testsuite> <!-- Test-Runner-Firefox -->
