<?xml version="1.0" encoding="UTF-8"?>
<!-- Generated by org.testng.reporters.JUnitReportReporter -->
<testsuite hostname="LAPTOP-97M9LKK6" failures="0" tests="1" name="com.crm.ContactsTests.CreateContactOrgTest" time="21.296" errors="0" timestamp="2022-02-18T10:08:38 IST" skipped="0">
  <testcase classname="com.crm.ContactsTests.CreateContactOrgTest" name="createContactOrgTest" time="21.296"/>
  <system-out/>
</testsuite> <!-- com.crm.ContactsTests.CreateContactOrgTest -->
