<?xml version="1.0" encoding="UTF-8"?>
<!-- Generated by org.testng.reporters.JUnitReportReporter -->
<testsuite hostname="LAPTOP-97M9LKK6" failures="0" tests="1" name="com.crm.OrganizationTests.CreateOrgIndTypeWithPOMTest" time="22.754" errors="0" timestamp="2022-02-24T14:36:49 IST" skipped="0">
  <testcase classname="com.crm.OrganizationTests.CreateOrgIndTypeWithPOMTest" name="createOrgIndLeadWithPOM" time="22.754"/>
  <system-out/>
</testsuite> <!-- com.crm.OrganizationTests.CreateOrgIndTypeWithPOMTest -->
