<?xml version="1.0" encoding="UTF-8"?>
<!-- Generated by org.testng.reporters.JUnitReportReporter -->
<testsuite hostname="LAPTOP-97M9LKK6" failures="0" tests="1" name="com.crm.CampaignTests.CreateCampaignWithProductBaseclassTest" time="40.503" errors="0" timestamp="2022-03-01T15:22:54 IST" skipped="0">
  <testcase classname="com.crm.CampaignTests.CreateCampaignWithProductBaseclassTest" name="createCampaignWithProduct" time="40.503"/>
  <system-out/>
</testsuite> <!-- com.crm.CampaignTests.CreateCampaignWithProductBaseclassTest -->
