<?xml version="1.0" encoding="UTF-8"?>
<!-- Generated by org.testng.reporters.JUnitReportReporter -->
<testsuite hostname="LAPTOP-97M9LKK6" failures="0" tests="1" name="com.crm.PRACTICE.PropertyFilePractice" time="0.009" errors="0" timestamp="2022-02-16T18:05:39 IST" skipped="0">
  <testcase classname="com.crm.PRACTICE.PropertyFilePractice" name="propertyFile" time="0.009"/>
  <system-out/>
</testsuite> <!-- com.crm.PRACTICE.PropertyFilePractice -->
