<?xml version="1.0" encoding="UTF-8"?>
<!-- Generated by org.testng.reporters.JUnitReportReporter -->
<testsuite hostname="LAPTOP-97M9LKK6" failures="0" tests="1" name="com.crm.ContactsTests.CreateContactOrgWithBaseClassTest" time="37.571" errors="0" timestamp="2022-03-03T16:20:42 IST" skipped="0">
  <testcase classname="com.crm.ContactsTests.CreateContactOrgWithBaseClassTest" name="createContactOrg" time="37.571"/>
  <system-out/>
</testsuite> <!-- com.crm.ContactsTests.CreateContactOrgWithBaseClassTest -->
