<?xml version="1.0" encoding="UTF-8"?>
<!-- Generated by org.testng.reporters.JUnitReportReporter -->
<testsuite hostname="LAPTOP-97M9LKK6" failures="0" tests="10" name="com.crm.ContactsTests.CreateContactWithMultipleData" time="195.523" errors="0" timestamp="2022-03-01T10:01:36 IST" skipped="0">
  <testcase classname="com.crm.ContactsTests.CreateContactWithMultipleData" name="createContactWithMltipleData" time="19.517"/>
  <system-out>
    <![CDATA[login successful
navigated to Contact link
click on create contact link
create contact
verification successful]]>
  </system-out>
  <testcase classname="com.crm.ContactsTests.CreateContactWithMultipleData" name="createContactWithMltipleData" time="18.893"/>
  <system-out>
    <![CDATA[login successful
navigated to Contact link
click on create contact link
create contact
verification successful]]>
  </system-out>
  <testcase classname="com.crm.ContactsTests.CreateContactWithMultipleData" name="createContactWithMltipleData" time="19.129"/>
  <system-out>
    <![CDATA[login successful
navigated to Contact link
click on create contact link
create contact
verification successful]]>
  </system-out>
  <testcase classname="com.crm.ContactsTests.CreateContactWithMultipleData" name="createContactWithMltipleData" time="18.697"/>
  <system-out>
    <![CDATA[login successful
navigated to Contact link
click on create contact link
create contact
verification successful]]>
  </system-out>
  <testcase classname="com.crm.ContactsTests.CreateContactWithMultipleData" name="createContactWithMltipleData" time="19.172"/>
  <system-out>
    <![CDATA[login successful
navigated to Contact link
click on create contact link
create contact
verification successful]]>
  </system-out>
  <testcase classname="com.crm.ContactsTests.CreateContactWithMultipleData" name="createContactWithMltipleData" time="19.497"/>
  <system-out>
    <![CDATA[login successful
navigated to Contact link
click on create contact link
create contact
verification successful]]>
  </system-out>
  <testcase classname="com.crm.ContactsTests.CreateContactWithMultipleData" name="createContactWithMltipleData" time="21.155"/>
  <system-out>
    <![CDATA[login successful
navigated to Contact link
click on create contact link
create contact
verification successful]]>
  </system-out>
  <testcase classname="com.crm.ContactsTests.CreateContactWithMultipleData" name="createContactWithMltipleData" time="20.579"/>
  <system-out>
    <![CDATA[login successful
navigated to Contact link
click on create contact link
create contact
verification successful]]>
  </system-out>
  <testcase classname="com.crm.ContactsTests.CreateContactWithMultipleData" name="createContactWithMltipleData" time="19.789"/>
  <system-out>
    <![CDATA[login successful
navigated to Contact link
click on create contact link
create contact
verification successful]]>
  </system-out>
  <testcase classname="com.crm.ContactsTests.CreateContactWithMultipleData" name="createContactWithMltipleData" time="19.095"/>
  <system-out>
    <![CDATA[login successful
navigated to Contact link
click on create contact link
create contact
verification successful]]>
  </system-out>
</testsuite> <!-- com.crm.ContactsTests.CreateContactWithMultipleData -->
