<?xml version="1.0" encoding="UTF-8"?>
<!-- Generated by org.testng.reporters.JUnitReportReporter -->
<testsuite hostname="LAPTOP-97M9LKK6" failures="0" tests="1" name="com.crm.ContactsTests.CreateMailMergeTemplateWithBlankFile" time="23.747" errors="0" timestamp="2022-02-21T10:10:37 IST" skipped="0">
  <testcase classname="com.crm.ContactsTests.CreateMailMergeTemplateWithBlankFile" name="createMailMergeTemplateWithBlankFile" time="23.747"/>
  <system-out/>
</testsuite> <!-- com.crm.ContactsTests.CreateMailMergeTemplateWithBlankFile -->
