<?xml version="1.0" encoding="UTF-8"?>
<!-- Generated by org.testng.reporters.JUnitReportReporter -->
<testsuite hostname="LAPTOP-97M9LKK6" failures="0" tests="1" name="com.crm.CampaignTests.CreateCampaignWithProductTest" time="33.421" errors="0" timestamp="2022-02-18T16:07:20 IST" skipped="0">
  <testcase classname="com.crm.CampaignTests.CreateCampaignWithProductTest" name="createCampaignWithProductTest" time="33.421"/>
  <system-out/>
</testsuite> <!-- com.crm.CampaignTests.CreateCampaignWithProductTest -->
