<?xml version="1.0" encoding="UTF-8"?>
<!-- Generated by org.testng.reporters.JUnitReportReporter -->
<testsuite hostname="LAPTOP-97M9LKK6" failures="0" tests="1" name="com.crm.CampaignTests.CreateCampaignWithProductGenericTest" time="85.160" errors="0" timestamp="2022-02-22T17:03:52 IST" skipped="0">
  <testcase classname="com.crm.CampaignTests.CreateCampaignWithProductGenericTest" name="createCampaignWithProductGenericTest" time="85.160"/>
  <system-out/>
</testsuite> <!-- com.crm.CampaignTests.CreateCampaignWithProductGenericTest -->
