<?xml version="1.0" encoding="UTF-8"?>
<!-- Generated by org.testng.reporters.JUnitReportReporter -->
<testsuite hostname="LAPTOP-97M9LKK6" failures="0" tests="1" name="com.crm.OpportunitiesTests.CreateOpportunitiesTest" time="69.945" errors="0" timestamp="2022-02-23T10:21:48 IST" skipped="0">
  <testcase classname="com.crm.OpportunitiesTests.CreateOpportunitiesTest" name="createOpportunities" time="69.945"/>
  <system-out/>
</testsuite> <!-- com.crm.OpportunitiesTests.CreateOpportunitiesTest -->
