<?xml version="1.0" encoding="UTF-8"?>
<!-- Generated by org.testng.reporters.JUnitReportReporter -->
<testsuite hostname="LAPTOP-97M9LKK6" failures="0" tests="1" name="com.crm.ContactsTests.CreateContactWithBaseClassTest" time="18.480" errors="0" timestamp="2022-03-03T16:20:42 IST" skipped="0">
  <testcase classname="com.crm.ContactsTests.CreateContactWithBaseClassTest" name="createContactOrgWithGenericTest" time="18.480"/>
  <system-out/>
</testsuite> <!-- com.crm.ContactsTests.CreateContactWithBaseClassTest -->
