<?xml version="1.0" encoding="UTF-8"?>
<!-- Generated by org.testng.reporters.JUnitReportReporter -->
<testsuite hostname="LAPTOP-97M9LKK6" failures="0" tests="1" name="com.crm.ContactsTests.CreateContactOrgWithGenericTest" time="23.056" errors="0" timestamp="2022-02-22T16:38:05 IST" skipped="0">
  <testcase classname="com.crm.ContactsTests.CreateContactOrgWithGenericTest" name="createContactOrgWithGenericTest" time="23.056"/>
  <system-out/>
</testsuite> <!-- com.crm.ContactsTests.CreateContactOrgWithGenericTest -->
