<?xml version="1.0" encoding="UTF-8"?>
<!-- Generated by org.testng.reporters.JUnitReportReporter -->
<testsuite hostname="LAPTOP-97M9LKK6" failures="0" tests="1" name="com.crm.ContactsTests.CreateContactOrgWithPOMTest" time="46.775" errors="0" timestamp="2022-02-24T14:34:46 IST" skipped="0">
  <testcase classname="com.crm.ContactsTests.CreateContactOrgWithPOMTest" name="createContactOrgWithPOM" time="46.775"/>
  <system-out/>
</testsuite> <!-- com.crm.ContactsTests.CreateContactOrgWithPOMTest -->
