<?xml version="1.0" encoding="UTF-8"?>
<!-- Generated by org.testng.reporters.JUnitReportReporter -->
<testsuite hostname="LAPTOP-97M9LKK6" failures="0" tests="1" name="com.crm.OpportunitiesTests.CreateOpportunitiesBaseClassTest" time="34.127" errors="0" timestamp="2022-03-01T15:33:28 IST" skipped="0">
  <testcase classname="com.crm.OpportunitiesTests.CreateOpportunitiesBaseClassTest" name="createOpportunities" time="34.127"/>
  <system-out/>
</testsuite> <!-- com.crm.OpportunitiesTests.CreateOpportunitiesBaseClassTest -->
