<?xml version="1.0" encoding="UTF-8"?>
<!-- Generated by org.testng.reporters.JUnitReportReporter -->
<testsuite hostname="LAPTOP-97M9LKK6" failures="0" tests="1" name="com.crm.ContactsTests.CreateMailMergeTemplateWithModuleOrganizationTest" time="19.561" errors="0" timestamp="2022-03-02T10:02:11 IST" skipped="0">
  <testcase classname="com.crm.ContactsTests.CreateMailMergeTemplateWithModuleOrganizationTest" name="createMailMergeTemplateWithModuleOrganization" time="19.561"/>
  <system-out/>
</testsuite> <!-- com.crm.ContactsTests.CreateMailMergeTemplateWithModuleOrganizationTest -->
