<?xml version="1.0" encoding="UTF-8"?>
<!-- Generated by org.testng.reporters.JUnitReportReporter -->
<testsuite hostname="LAPTOP-97M9LKK6" failures="0" tests="1" name="com.crm.ContactsTests.CreateContactWithPOMTest" time="32.864" errors="0" timestamp="2022-02-24T09:43:13 IST" skipped="0">
  <testcase classname="com.crm.ContactsTests.CreateContactWithPOMTest" name="createContactOrgWithGenericTest" time="32.864"/>
  <system-out/>
</testsuite> <!-- com.crm.ContactsTests.CreateContactWithPOMTest -->
