<?xml version="1.0" encoding="UTF-8"?>
<!-- Generated by org.testng.reporters.JUnitReportReporter -->
<testsuite hostname="LAPTOP-97M9LKK6" failures="0" tests="1" name="com.crm.PRACTICE.PracticeForGenericUtils" time="0.925" errors="0" timestamp="2022-02-21T16:47:31 IST" skipped="0">
  <testcase classname="com.crm.PRACTICE.PracticeForGenericUtils" name="practice" time="0.925"/>
  <system-out/>
</testsuite> <!-- com.crm.PRACTICE.PracticeForGenericUtils -->
