<?xml version="1.0" encoding="UTF-8"?>
<!-- Generated by org.testng.reporters.JUnitReportReporter -->
<testsuite hostname="LAPTOP-97M9LKK6" failures="0" tests="1" name="com.crm.ContactsTests.ContactsDynamicWebTableTest" time="15.038" errors="0" timestamp="2022-03-08T23:08:21 IST" skipped="0">
  <testcase classname="com.crm.ContactsTests.ContactsDynamicWebTableTest" name="contactsCheckBox" time="15.038"/>
  <system-out/>
</testsuite> <!-- com.crm.ContactsTests.ContactsDynamicWebTableTest -->
