<?xml version="1.0" encoding="UTF-8"?>
<!-- Generated by org.testng.reporters.JUnitReportReporter -->
<testsuite hostname="LAPTOP-97M9LKK6" failures="0" tests="1" name="com.crm.OrganizationTests.CreateOrgAssertionTest" time="15.625" errors="0" timestamp="2022-03-04T17:00:18 IST" skipped="0">
  <testcase classname="com.crm.OrganizationTests.CreateOrgAssertionTest" name="createOrgWithAssertions" time="15.625"/>
  <system-out>
    <![CDATA[[ ACC106 ] All States_332 - Organization Informationorg created]]>
  </system-out>
</testsuite> <!-- com.crm.OrganizationTests.CreateOrgAssertionTest -->
