<?xml version="1.0" encoding="UTF-8"?>
<!-- Generated by org.testng.reporters.JUnitReportReporter -->
<testsuite hostname="LAPTOP-97M9LKK6" failures="0" tests="1" name="com.crm.OrganizationTests.CreateOrgIndWithPOMTest" time="34.728" errors="0" timestamp="2022-02-24T13:23:52 IST" skipped="0">
  <testcase classname="com.crm.OrganizationTests.CreateOrgIndWithPOMTest" name="createOrgIndWithPOM" time="34.728"/>
  <system-out/>
</testsuite> <!-- com.crm.OrganizationTests.CreateOrgIndWithPOMTest -->
