<?xml version="1.0" encoding="UTF-8"?>
<!-- Generated by org.testng.reporters.JUnitReportReporter -->
<testsuite hostname="LAPTOP-97M9LKK6" failures="0" tests="1" name="com.crm.ContactsTests.CreateContactWithPortalBoxEnabledBaseclassTest" time="34.842" errors="0" timestamp="2022-03-02T09:37:22 IST" skipped="0">
  <testcase classname="com.crm.ContactsTests.CreateContactWithPortalBoxEnabledBaseclassTest" name="createContactWithPortalBoxEnabled" time="34.842"/>
  <system-out/>
</testsuite> <!-- com.crm.ContactsTests.CreateContactWithPortalBoxEnabledBaseclassTest -->
