<?xml version="1.0" encoding="UTF-8"?>
<!-- Generated by org.testng.reporters.JUnitReportReporter -->
<testsuite hostname="LAPTOP-97M9LKK6" failures="0" tests="1" name="com.crm.ContactsTests.CreateContactWithPortalBoxEnabled" time="24.620" errors="0" timestamp="2022-02-21T09:55:30 IST" skipped="0">
  <testcase classname="com.crm.ContactsTests.CreateContactWithPortalBoxEnabled" name="createContactWithPortalBoxEnabled" time="24.620"/>
  <system-out/>
</testsuite> <!-- com.crm.ContactsTests.CreateContactWithPortalBoxEnabled -->
