<?xml version="1.0" encoding="UTF-8"?>
<!-- Generated by org.testng.reporters.JUnitReportReporter -->
<testsuite hostname="LAPTOP-97M9LKK6" failures="0" tests="1" name="com.crm.PRACTICE.CalenderGoibiboTest" time="0.059" errors="0" timestamp="2022-03-10T09:55:41 IST" skipped="0">
  <testcase classname="com.crm.PRACTICE.CalenderGoibiboTest" name="calednder" time="0.059"/>
  <system-out/>
</testsuite> <!-- com.crm.PRACTICE.CalenderGoibiboTest -->
