<?xml version="1.0" encoding="UTF-8"?>
<!-- Generated by org.testng.reporters.JUnitReportReporter -->
<testsuite hostname="LAPTOP-97M9LKK6" failures="0" tests="1" name="com.crm.ContactsTests.CreateContactTest" time="22.251" errors="0" timestamp="2022-02-18T07:43:46 IST" skipped="0">
  <testcase classname="com.crm.ContactsTests.CreateContactTest" name="createContactTest" time="22.251"/>
  <system-out/>
</testsuite> <!-- com.crm.ContactsTests.CreateContactTest -->
