<?xml version="1.0" encoding="UTF-8"?>
<!-- Generated by org.testng.reporters.JUnitReportReporter -->
<testsuite hostname="LAPTOP-97M9LKK6" failures="0" tests="1" name="com.crm.OrganizationTests.CreateOrganizationTest" time="20.832" errors="0" timestamp="2022-02-16T17:57:55 IST" skipped="0">
  <testcase classname="com.crm.OrganizationTests.CreateOrganizationTest" name="createOrganizationTest" time="20.832"/>
  <system-out/>
</testsuite> <!-- com.crm.OrganizationTests.CreateOrganizationTest -->
