<?xml version="1.0" encoding="UTF-8"?>
<!-- Generated by org.testng.reporters.JUnitReportReporter -->
<testsuite hostname="LAPTOP-97M9LKK6" failures="0" tests="1" name="com.crm.CampaignTests.CreateCampaignWithProductPOMTest" time="62.732" errors="0" timestamp="2022-02-25T14:57:05 IST" skipped="0">
  <testcase classname="com.crm.CampaignTests.CreateCampaignWithProductPOMTest" name="createCampaignWithProductPOM" time="62.732"/>
  <system-out/>
</testsuite> <!-- com.crm.CampaignTests.CreateCampaignWithProductPOMTest -->
