<?xml version="1.0" encoding="UTF-8"?>
<!-- Generated by org.testng.reporters.JUnitReportReporter -->
<testsuite hostname="LAPTOP-97M9LKK6" failures="0" tests="1" name="com.crm.OrganizationTests.CreateOrgIndTypeWithBaseclassTest" time="24.743" errors="0" timestamp="2022-03-16T16:50:23 IST" skipped="0">
  <testcase classname="com.crm.OrganizationTests.CreateOrgIndTypeWithBaseclassTest" name="createOrgIndType" time="24.743"/>
  <system-out/>
</testsuite> <!-- com.crm.OrganizationTests.CreateOrgIndTypeWithBaseclassTest -->
