<?xml version="1.0" encoding="UTF-8"?>
<!-- Generated by org.testng.reporters.JUnitReportReporter -->
<testsuite hostname="LAPTOP-97M9LKK6" failures="0" tests="1" name="com.crm.OrganizationTests.LastOrgNameWebTableTest" time="30.372" errors="0" timestamp="2022-03-09T09:29:11 IST" skipped="0">
  <testcase classname="com.crm.OrganizationTests.LastOrgNameWebTableTest" name="lastOrgNameWebTable" time="30.372"/>
  <system-out/>
</testsuite> <!-- com.crm.OrganizationTests.LastOrgNameWebTableTest -->
