<?xml version="1.0" encoding="UTF-8"?>
<!-- Generated by org.testng.reporters.JUnitReportReporter -->
<testsuite hostname="LAPTOP-97M9LKK6" failures="0" tests="1" name="com.crm.PRACTICE.ReadDataFromExcelSheetTest" time="0.720" errors="0" timestamp="2022-02-17T16:11:09 IST" skipped="0">
  <testcase classname="com.crm.PRACTICE.ReadDataFromExcelSheetTest" name="readDataFromExcel" time="0.720"/>
  <system-out/>
</testsuite> <!-- com.crm.PRACTICE.ReadDataFromExcelSheetTest -->
