<?xml version="1.0" encoding="UTF-8"?>
<!-- Generated by org.testng.reporters.JUnitReportReporter -->
<testsuite hostname="LAPTOP-97M9LKK6" failures="0" tests="1" name="com.crm.ContactsTests.ContactsDynamicWebTable" time="15.482" errors="0" timestamp="2022-03-08T15:14:51 IST" skipped="0">
  <testcase classname="com.crm.ContactsTests.ContactsDynamicWebTable" name="contactsCheckBox" time="15.482"/>
  <system-out/>
</testsuite> <!-- com.crm.ContactsTests.ContactsDynamicWebTable -->
