<?xml version="1.0" encoding="UTF-8"?>
<!-- Generated by org.testng.reporters.JUnitReportReporter -->
<testsuite hostname="LAPTOP-97M9LKK6" failures="0" tests="1" name="com.crm.PRACTICE.SampleJDBCExecuteQuery" time="0.444" errors="0" timestamp="2022-02-16T14:45:13 IST" skipped="0">
  <testcase classname="com.crm.PRACTICE.SampleJDBCExecuteQuery" name="sampleJDBCExecuteQuery" time="0.444"/>
  <system-out/>
</testsuite> <!-- com.crm.PRACTICE.SampleJDBCExecuteQuery -->
