<?xml version="1.0" encoding="UTF-8"?>
<!-- Generated by org.testng.reporters.JUnitReportReporter -->
<testsuite hostname="LAPTOP-97M9LKK6" failures="0" tests="1" name="com.crm.ContactsTests.CancelContact" time="18.365" errors="0" timestamp="2022-02-18T17:37:55 IST" skipped="0">
  <testcase classname="com.crm.ContactsTests.CancelContact" name="createContactWithPortalBoxEnabled" time="18.365"/>
  <system-out/>
</testsuite> <!-- com.crm.ContactsTests.CancelContact -->
