<?xml version="1.0" encoding="UTF-8"?>
<!-- Generated by org.testng.reporters.JUnitReportReporter -->
<testsuite hostname="LAPTOP-97M9LKK6" failures="0" tests="1" name="com.crm.ContactsTests.DeleteFifthElementContactTest" time="21.959" errors="0" timestamp="2022-03-09T10:11:35 IST" skipped="0">
  <testcase classname="com.crm.ContactsTests.DeleteFifthElementContactTest" name="deleteFifthElementWebTable" time="21.959"/>
  <system-out/>
</testsuite> <!-- com.crm.ContactsTests.DeleteFifthElementContactTest -->
