<?xml version="1.0" encoding="UTF-8"?>
<!-- Generated by org.testng.reporters.JUnitReportReporter -->
<testsuite hostname="LAPTOP-97M9LKK6" failures="0" tests="1" name="com.crm.PRACTICE.ReadDataFromSuiteXMLfileTest" time="0.010" errors="0" timestamp="2022-02-17T15:55:21 IST" skipped="0">
  <testcase classname="com.crm.PRACTICE.ReadDataFromSuiteXMLfileTest" name="readDataFromXML" time="0.010"/>
  <system-out/>
</testsuite> <!-- com.crm.PRACTICE.ReadDataFromSuiteXMLfileTest -->
