<?xml version="1.0" encoding="UTF-8"?>
<!-- Generated by org.testng.reporters.JUnitReportReporter -->
<testsuite hostname="LAPTOP-97M9LKK6" failures="0" tests="1" name="com.crm.OrganizationTests.CreateOrgWithPOMTest" time="52.407" errors="0" timestamp="2022-02-23T22:43:10 IST" skipped="0">
  <testcase classname="com.crm.OrganizationTests.CreateOrgWithPOMTest" name="createOrgWithPOMTest" time="52.407"/>
  <system-out/>
</testsuite> <!-- com.crm.OrganizationTests.CreateOrgWithPOMTest -->
