<?xml version="1.0" encoding="UTF-8"?>
<!-- Generated by org.testng.reporters.JUnitReportReporter -->
<testsuite hostname="LAPTOP-97M9LKK6" failures="0" tests="1" name="com.crm.ContactsTests.CreateContactOrgLeadWithPOMTest" time="33.752" errors="0" timestamp="2022-02-24T14:35:49 IST" skipped="0">
  <testcase classname="com.crm.ContactsTests.CreateContactOrgLeadWithPOMTest" name="createContactOrgLeadWithPOM" time="33.752"/>
  <system-out/>
</testsuite> <!-- com.crm.ContactsTests.CreateContactOrgLeadWithPOMTest -->
