<?xml version="1.0" encoding="UTF-8"?>
<!-- Generated by org.testng.reporters.JUnitReportReporter -->
<testsuite hostname="LAPTOP-97M9LKK6" failures="0" tests="1" name="com.crm.OpportunitiesTests.CreateOpporutunitiesPOMTest" time="44.789" errors="0" timestamp="2022-03-01T15:31:48 IST" skipped="0">
  <testcase classname="com.crm.OpportunitiesTests.CreateOpporutunitiesPOMTest" name="createOpportunitiesPOM" time="44.789"/>
  <system-out/>
</testsuite> <!-- com.crm.OpportunitiesTests.CreateOpporutunitiesPOMTest -->
