<?xml version="1.0" encoding="UTF-8"?>
<!-- Generated by org.testng.reporters.JUnitReportReporter -->
<testsuite hostname="LAPTOP-97M9LKK6" failures="0" tests="1" name="com.crm.PRACTICE.CalenderTest" time="200.831" errors="0" timestamp="2022-03-09T14:27:04 IST" skipped="0">
  <testcase classname="com.crm.PRACTICE.CalenderTest" name="calednder" time="200.831"/>
  <system-out/>
</testsuite> <!-- com.crm.PRACTICE.CalenderTest -->
