<?xml version="1.0" encoding="UTF-8"?>
<!-- Generated by org.testng.reporters.JUnitReportReporter -->
<testsuite hostname="LAPTOP-97M9LKK6" failures="0" tests="1" name="com.crm.ContactsTests.CreateContactOrgLeadBaseclassTest" time="24.987" errors="0" timestamp="2022-03-01T15:39:34 IST" skipped="0">
  <testcase classname="com.crm.ContactsTests.CreateContactOrgLeadBaseclassTest" name="createContactOrgLeadWithPOM" time="24.987"/>
  <system-out/>
</testsuite> <!-- com.crm.ContactsTests.CreateContactOrgLeadBaseclassTest -->
