<?xml version="1.0" encoding="UTF-8"?>
<!-- Generated by org.testng.reporters.JUnitReportReporter -->
<testsuite hostname="LAPTOP-97M9LKK6" failures="0" tests="6" name="com.crm.OrganizationTests.CreateOrgWithTypeMultipleData" time="158.513" errors="0" timestamp="2022-03-01T09:49:25 IST" skipped="0">
  <testcase classname="com.crm.OrganizationTests.CreateOrgWithTypeMultipleData" name="createOrgWithMltipleData" time="26.907"/>
  <system-out>
    <![CDATA[login successful
navigated to org link
click on create org link
create org with insustry type
verification successful]]>
  </system-out>
  <testcase classname="com.crm.OrganizationTests.CreateOrgWithTypeMultipleData" name="createOrgWithMltipleData" time="20.201"/>
  <system-out>
    <![CDATA[login successful
navigated to org link
click on create org link
create org with insustry type
verification successful]]>
  </system-out>
  <testcase classname="com.crm.OrganizationTests.CreateOrgWithTypeMultipleData" name="createOrgWithMltipleData" time="19.889"/>
  <system-out>
    <![CDATA[login successful
navigated to org link
click on create org link
create org with insustry type
verification successful]]>
  </system-out>
  <testcase classname="com.crm.OrganizationTests.CreateOrgWithTypeMultipleData" name="createOrgWithMltipleData" time="21.978"/>
  <system-out>
    <![CDATA[login successful
navigated to org link
click on create org link
create org with insustry type
verification successful]]>
  </system-out>
  <testcase classname="com.crm.OrganizationTests.CreateOrgWithTypeMultipleData" name="createOrgWithMltipleData" time="21.060"/>
  <system-out>
    <![CDATA[login successful
navigated to org link
click on create org link
create org with insustry type
verification successful]]>
  </system-out>
  <testcase classname="com.crm.OrganizationTests.CreateOrgWithTypeMultipleData" name="createOrgWithMltipleData" time="48.478"/>
  <system-out>
    <![CDATA[login successful
navigated to org link
click on create org link
create org with insustry type
verification successful]]>
  </system-out>
</testsuite> <!-- com.crm.OrganizationTests.CreateOrgWithTypeMultipleData -->
