<?xml version="1.0" encoding="UTF-8"?>
<!-- Generated by org.testng.reporters.JUnitReportReporter -->
<testsuite hostname="LAPTOP-97M9LKK6" failures="0" tests="1" name="com.crm.ContactsTests.CreateMailMergeTemplateWithModuleOrganization" time="19.993" errors="0" timestamp="2022-02-21T08:30:45 IST" skipped="0">
  <testcase classname="com.crm.ContactsTests.CreateMailMergeTemplateWithModuleOrganization" name="createMailMergeTemplateWithModuleOrganization" time="19.993"/>
  <system-out/>
</testsuite> <!-- com.crm.ContactsTests.CreateMailMergeTemplateWithModuleOrganization -->
